c:\repos\repo_distro\aburn\usr\modules\newmodule\cwin64\newmodule.dir\debug\main.obj
c:\repos\repo_distro\aburn\usr\modules\newmodule\cwin64\newmodule.dir\debug\glviewnewmodule.obj
c:\repos\repo_distro\aburn\usr\modules\newmodule\cwin64\newmodule.dir\debug\vc143.pdb
c:\repos\repo_distro\aburn\usr\modules\newmodule\cwin64\cmakefiles\generate.stamp
c:\repos\repo_distro\aburn\usr\modules\newmodule\cwin64\debug\newmodule.lib
c:\repos\repo_distro\aburn\usr\modules\newmodule\cwin64\debug\newmodule.exp
c:\repos\repo_distro\aburn\usr\modules\newmodule\cwin64\newmodule.dir\debug\newmodule.ilk
c:\repos\repo_distro\aburn\usr\modules\newmodule\cwin64\debug\newmodule.pdb
c:\repos\repo_distro\aburn\usr\modules\newmodule\cwin64\debug\newmodule.exe
c:\repos\repo_distro\aburn\usr\modules\newmodule\cwin64\newmodule.dir\debug\newmodule.tlog\cl.command.1.tlog
c:\repos\repo_distro\aburn\usr\modules\newmodule\cwin64\newmodule.dir\debug\newmodule.tlog\cl.items.tlog
c:\repos\repo_distro\aburn\usr\modules\newmodule\cwin64\newmodule.dir\debug\newmodule.tlog\cl.read.1.tlog
c:\repos\repo_distro\aburn\usr\modules\newmodule\cwin64\newmodule.dir\debug\newmodule.tlog\cl.write.1.tlog
c:\repos\repo_distro\aburn\usr\modules\newmodule\cwin64\newmodule.dir\debug\newmodule.tlog\custombuild.command.1.tlog
c:\repos\repo_distro\aburn\usr\modules\newmodule\cwin64\newmodule.dir\debug\newmodule.tlog\custombuild.read.1.tlog
c:\repos\repo_distro\aburn\usr\modules\newmodule\cwin64\newmodule.dir\debug\newmodule.tlog\custombuild.write.1.tlog
c:\repos\repo_distro\aburn\usr\modules\newmodule\cwin64\newmodule.dir\debug\newmodule.tlog\link.command.1.tlog
c:\repos\repo_distro\aburn\usr\modules\newmodule\cwin64\newmodule.dir\debug\newmodule.tlog\link.read.1.tlog
c:\repos\repo_distro\aburn\usr\modules\newmodule\cwin64\newmodule.dir\debug\newmodule.tlog\link.secondary.1.tlog
c:\repos\repo_distro\aburn\usr\modules\newmodule\cwin64\newmodule.dir\debug\newmodule.tlog\link.write.1.tlog
